<?xml version="1.0" encoding="utf-8"?><testsuites name="pytest tests"><testsuite name="pytest" errors="0" failures="0" skipped="0" tests="18" time="2.807" timestamp="2026-05-29T10:28:39.838552+00:00" hostname="agent-env-2e1cbcbf-2771-41a9-a2e9-80e9103edb4f"><testcase classname="backend.tests.test_suno_library_api.TestAuth" name="test_root" time="0.172" /><testcase classname="backend.tests.test_suno_library_api.TestAuth" name="test_register_duplicate_returns_409" time="0.333" /><testcase classname="backend.tests.test_suno_library_api.TestAuth" name="test_login_demo_account" time="0.275" /><testcase classname="backend.tests.test_suno_library_api.TestAuth" name="test_login_invalid_credentials" time="0.274" /><testcase classname="backend.tests.test_suno_library_api.TestAuth" name="test_me_returns_user" time="0.052" /><testcase classname="backend.tests.test_suno_library_api.TestAuth" name="test_me_without_token_401" time="0.101" /><testcase classname="backend.tests.test_suno_library_api.TestAuth" name="test_library_without_token_401" time="0.115" /><testcase classname="backend.tests.test_suno_library_api.TestLibrary" name="test_import_inserts" time="0.057" /><testcase classname="backend.tests.test_suno_library_api.TestLibrary" name="test_import_dedupes_and_updates" time="0.053" /><testcase classname="backend.tests.test_suno_library_api.TestLibrary" name="test_list_library_sorted_and_no_internal_fields" time="0.052" /><testcase classname="backend.tests.test_suno_library_api.TestLibrary" name="test_favorite_toggle" time="0.104" /><testcase classname="backend.tests.test_suno_library_api.TestLibrary" name="test_favorites_only_filter" time="0.053" /><testcase classname="backend.tests.test_suno_library_api.TestLibrary" name="test_favorite_toggle_again_unfavorites" time="0.051" /><testcase classname="backend.tests.test_suno_library_api.TestLibrary" name="test_favorite_unknown_song_404" time="0.058" /><testcase classname="backend.tests.test_suno_library_api.TestLibrary" name="test_delete_single_song" time="0.105" /><testcase classname="backend.tests.test_suno_library_api.TestLibrary" name="test_delete_song_404" time="0.049" /><testcase classname="backend.tests.test_suno_library_api.TestLibrary" name="test_clear_library_zzz" time="0.103" /><testcase classname="backend.tests.test_suno_library_api.TestUserScoping" name="test_other_user_cannot_see_first_user_songs" time="0.706" /></testsuite></testsuites>