<?xml version="1.0" encoding="utf-8"?><testsuites name="pytest tests"><testsuite name="pytest" errors="0" failures="0" skipped="0" tests="35" time="5.927" timestamp="2026-05-29T10:35:55.206876+00:00" hostname="agent-env-2e1cbcbf-2771-41a9-a2e9-80e9103edb4f"><testcase classname="backend.tests.test_share_api.TestCreateShare" name="test_requires_auth" time="0.250" /><testcase classname="backend.tests.test_share_api.TestCreateShare" name="test_404_unknown_song" time="0.391" /><testcase classname="backend.tests.test_share_api.TestCreateShare" name="test_400_when_song_has_no_audio" time="0.051" /><testcase classname="backend.tests.test_share_api.TestCreateShare" name="test_create_returns_slug_and_path" time="0.056" /><testcase classname="backend.tests.test_share_api.TestCreateShare" name="test_create_is_idempotent" time="0.103" /><testcase classname="backend.tests.test_share_api.TestShareInfo" name="test_info_public_no_auth" time="0.111" /><testcase classname="backend.tests.test_share_api.TestShareInfo" name="test_info_increments_view_counter" time="0.240" /><testcase classname="backend.tests.test_share_api.TestShareInfo" name="test_info_404_for_invalid_slug" time="0.125" /><testcase classname="backend.tests.test_share_api.TestShareHTML" name="test_html_public_and_has_meta_tags" time="0.112" /><testcase classname="backend.tests.test_share_api.TestShareHTML" name="test_html_view_counter_increments" time="0.458" /><testcase classname="backend.tests.test_share_api.TestShareHTML" name="test_html_404_for_invalid_slug" time="0.104" /><testcase classname="backend.tests.test_share_api.TestReimportPersistence" name="test_share_slug_persists_after_reimport" time="0.156" /><testcase classname="backend.tests.test_share_api.TestShareScoping" name="test_user_b_gets_own_slug_for_same_song_id" time="0.481" /><testcase classname="backend.tests.test_share_api.TestShareScoping" name="test_user_b_cannot_revoke_user_a_share" time="0.153" /><testcase classname="backend.tests.test_share_api.TestRevokeShare" name="test_revoke_requires_auth" time="0.050" /><testcase classname="backend.tests.test_share_api.TestRevokeShare" name="test_revoke_removes_share" time="0.279" /><testcase classname="backend.tests.test_share_api.TestRevokeShare" name="test_revoke_noop_when_no_share" time="0.174" /><testcase classname="backend.tests.test_suno_library_api.TestAuth" name="test_root" time="0.088" /><testcase classname="backend.tests.test_suno_library_api.TestAuth" name="test_register_duplicate_returns_409" time="0.352" /><testcase classname="backend.tests.test_suno_library_api.TestAuth" name="test_login_demo_account" time="0.308" /><testcase classname="backend.tests.test_suno_library_api.TestAuth" name="test_login_invalid_credentials" time="0.267" /><testcase classname="backend.tests.test_suno_library_api.TestAuth" name="test_me_returns_user" time="0.046" /><testcase classname="backend.tests.test_suno_library_api.TestAuth" name="test_me_without_token_401" time="0.099" /><testcase classname="backend.tests.test_suno_library_api.TestAuth" name="test_library_without_token_401" time="0.107" /><testcase classname="backend.tests.test_suno_library_api.TestLibrary" name="test_import_inserts" time="0.046" /><testcase classname="backend.tests.test_suno_library_api.TestLibrary" name="test_import_dedupes_and_updates" time="0.043" /><testcase classname="backend.tests.test_suno_library_api.TestLibrary" name="test_list_library_sorted_and_no_internal_fields" time="0.044" /><testcase classname="backend.tests.test_suno_library_api.TestLibrary" name="test_favorite_toggle" time="0.088" /><testcase classname="backend.tests.test_suno_library_api.TestLibrary" name="test_favorites_only_filter" time="0.043" /><testcase classname="backend.tests.test_suno_library_api.TestLibrary" name="test_favorite_toggle_again_unfavorites" time="0.057" /><testcase classname="backend.tests.test_suno_library_api.TestLibrary" name="test_favorite_unknown_song_404" time="0.045" /><testcase classname="backend.tests.test_suno_library_api.TestLibrary" name="test_delete_single_song" time="0.090" /><testcase classname="backend.tests.test_suno_library_api.TestLibrary" name="test_delete_song_404" time="0.046" /><testcase classname="backend.tests.test_suno_library_api.TestLibrary" name="test_clear_library_zzz" time="0.101" /><testcase classname="backend.tests.test_suno_library_api.TestUserScoping" name="test_other_user_cannot_see_first_user_songs" time="0.656" /></testsuite></testsuites>